<?xml version="1.0" encoding="UTF-8"?>
<!-- Generated by org.testng.reporters.JUnitReportReporter -->
<testsuite hostname="Valliani" name="testCases.VerifyLAtowncarReport" tests="1" failures="0" timestamp="13 Jan 2018 22:31:35 GMT" time="5.731" errors="0">
  <testcase name="testHomePage" time="5.731" classname="testCases.VerifyLAtowncarReport"/>
</testsuite> <!-- testCases.VerifyLAtowncarReport -->
